
*** Running vivado
    with args -log Lab6_ALU.vdi -applog -m64 -product Vivado -messageDb vivado.pb -mode batch -source Lab6_ALU.tcl -notrace


****** Vivado v2019.2.1 (64-bit)
  **** SW Build 2729669 on Thu Dec  5 04:49:17 MST 2019
  **** IP Build 2729494 on Thu Dec  5 07:38:25 MST 2019
    ** Copyright 1986-2019 Xilinx, Inc. All Rights Reserved.

source Lab6_ALU.tcl -notrace
create_project: Time (s): cpu = 00:00:08 ; elapsed = 00:00:09 . Memory (MB): peak = 426.559 ; gain = 128.836
Command: link_design -top Lab6_ALU -part xc7a35tcpg236-1
Design is defaulting to srcset: sources_1
Design is defaulting to constrset: constrs_1
INFO: [Device 21-403] Loading part xc7a35tcpg236-1
Netlist sorting complete. Time (s): cpu = 00:00:00 ; elapsed = 00:00:00 . Memory (MB): peak = 719.238 ; gain = 0.000
INFO: [Project 1-479] Netlist was created with Vivado 2019.2.1
INFO: [Project 1-570] Preparing netlist for logic optimization
Parsing XDC File [C:/Users/Randall_Jack/Desktop/Lab6_ALU/Lab6_ALU.srcs/constrs_1/new/Lab6_ALU.xdc]
Finished Parsing XDC File [C:/Users/Randall_Jack/Desktop/Lab6_ALU/Lab6_ALU.srcs/constrs_1/new/Lab6_ALU.xdc]
INFO: [Opt 31-138] Pushed 0 inverter(s) to 0 load pin(s).
Netlist sorting complete. Time (s): cpu = 00:00:00 ; elapsed = 00:00:00 . Memory (MB): peak = 825.523 ; gain = 0.000
INFO: [Project 1-111] Unisim Transformation Summary:
No Unisim elements were transformed.

5 Infos, 0 Warnings, 0 Critical Warnings and 0 Errors encountered.
link_design completed successfully
link_design: Time (s): cpu = 00:00:16 ; elapsed = 00:00:18 . Memory (MB): peak = 829.535 ; gain = 397.602
Command: opt_design
Attempting to get a license for feature 'Implementation' and/or device 'xc7a35t'
INFO: [Common 17-349] Got license for feature 'Implementation' and/or device 'xc7a35t'
Running DRC as a precondition to command opt_design

Starting DRC Task
INFO: [DRC 23-27] Running DRC with 2 threads
INFO: [Project 1-461] DRC finished with 0 Errors
INFO: [Project 1-462] Please refer to the DRC report (report_drc) for more information.

Time (s): cpu = 00:00:04 ; elapsed = 00:00:02 . Memory (MB): peak = 850.027 ; gain = 20.492

Starting Cache Timing Information Task
INFO: [Timing 38-35] Done setting XDC timing constraints.
Ending Cache Timing Information Task | Checksum: 24ae1351d

Time (s): cpu = 00:00:28 ; elapsed = 00:00:29 . Memory (MB): peak = 1364.562 ; gain = 514.535

Starting Logic Optimization Task

Phase 1 Retarget
INFO: [Opt 31-138] Pushed 0 inverter(s) to 0 load pin(s).
INFO: [Opt 31-49] Retargeted 0 cell(s).
Phase 1 Retarget | Checksum: 24ae1351d

Time (s): cpu = 00:00:00 ; elapsed = 00:00:00.016 . Memory (MB): peak = 1565.949 ; gain = 0.000
INFO: [Opt 31-389] Phase Retarget created 0 cells and removed 0 cells

Phase 2 Constant propagation
INFO: [Opt 31-138] Pushed 0 inverter(s) to 0 load pin(s).
Phase 2 Constant propagation | Checksum: 24ae1351d

Time (s): cpu = 00:00:00 ; elapsed = 00:00:00.019 . Memory (MB): peak = 1565.949 ; gain = 0.000
INFO: [Opt 31-389] Phase Constant propagation created 0 cells and removed 0 cells

Phase 3 Sweep
Phase 3 Sweep | Checksum: 24ae1351d

Time (s): cpu = 00:00:00 ; elapsed = 00:00:00.024 . Memory (MB): peak = 1565.949 ; gain = 0.000
INFO: [Opt 31-389] Phase Sweep created 0 cells and removed 0 cells

Phase 4 BUFG optimization
INFO: [Opt 31-1112] Starts optimizing BUFG(s) with a common MMCM/DPLL/XPLL driver.
INFO: [Opt 31-1112] Starts optimizing BUFG(s) with a common driver.
INFO: [Opt 31-1092] Phase BUFG optimization transformed 0 BUFG(s) to MBUFG(s).
Phase 4 BUFG optimization | Checksum: 24ae1351d

Time (s): cpu = 00:00:00 ; elapsed = 00:00:00.030 . Memory (MB): peak = 1565.949 ; gain = 0.000
INFO: [Opt 31-662] Phase BUFG optimization created 0 cells of which 0 are BUFGs and removed 0 cells.

Phase 5 Shift Register Optimization
INFO: [Opt 31-1064] SRL Remap converted 0 SRLs to 0 registers and converted 0 registers of register chains to 0 SRLs
Phase 5 Shift Register Optimization | Checksum: 24ae1351d

Time (s): cpu = 00:00:00 ; elapsed = 00:00:00.033 . Memory (MB): peak = 1565.949 ; gain = 0.000
INFO: [Opt 31-389] Phase Shift Register Optimization created 0 cells and removed 0 cells

Phase 6 Post Processing Netlist
Phase 6 Post Processing Netlist | Checksum: 24ae1351d

Time (s): cpu = 00:00:00 ; elapsed = 00:00:00.035 . Memory (MB): peak = 1565.949 ; gain = 0.000
INFO: [Opt 31-389] Phase Post Processing Netlist created 0 cells and removed 0 cells
Opt_design Change Summary
=========================


-------------------------------------------------------------------------------------------------------------------------
|  Phase                        |  #Cells created  |  #Cells Removed  |  #Constrained objects preventing optimizations  |
-------------------------------------------------------------------------------------------------------------------------
|  Retarget                     |               0  |               0  |                                              0  |
|  Constant propagation         |               0  |               0  |                                              0  |
|  Sweep                        |               0  |               0  |                                              0  |
|  BUFG optimization            |               0  |               0  |                                              0  |
|  Shift Register Optimization  |               0  |               0  |                                              0  |
|  Post Processing Netlist      |               0  |               0  |                                              0  |
-------------------------------------------------------------------------------------------------------------------------



Starting Connectivity Check Task

Time (s): cpu = 00:00:00 ; elapsed = 00:00:00 . Memory (MB): peak = 1565.949 ; gain = 0.000
Ending Logic Optimization Task | Checksum: 24ae1351d

Time (s): cpu = 00:00:00 ; elapsed = 00:00:00.038 . Memory (MB): peak = 1565.949 ; gain = 0.000

Starting Power Optimization Task
INFO: [Pwropt 34-132] Skipping clock gating for clocks with a period < 2.00 ns.
Ending Power Optimization Task | Checksum: 24ae1351d

Time (s): cpu = 00:00:00 ; elapsed = 00:00:00.023 . Memory (MB): peak = 1565.949 ; gain = 0.000

Starting Final Cleanup Task
Ending Final Cleanup Task | Checksum: 24ae1351d

Time (s): cpu = 00:00:00 ; elapsed = 00:00:00 . Memory (MB): peak = 1565.949 ; gain = 0.000

Starting Netlist Obfuscation Task
Netlist sorting complete. Time (s): cpu = 00:00:00 ; elapsed = 00:00:00 . Memory (MB): peak = 1565.949 ; gain = 0.000
Ending Netlist Obfuscation Task | Checksum: 24ae1351d

Time (s): cpu = 00:00:00 ; elapsed = 00:00:00 . Memory (MB): peak = 1565.949 ; gain = 0.000
INFO: [Common 17-83] Releasing license: Implementation
25 Infos, 0 Warnings, 0 Critical Warnings and 0 Errors encountered.
opt_design completed successfully
opt_design: Time (s): cpu = 00:00:37 ; elapsed = 00:00:37 . Memory (MB): peak = 1565.949 ; gain = 736.414
Netlist sorting complete. Time (s): cpu = 00:00:00 ; elapsed = 00:00:00 . Memory (MB): peak = 1565.949 ; gain = 0.000
INFO: [Timing 38-480] Writing timing data to binary archive.
Writing placer database...
Writing XDEF routing.
Writing XDEF routing logical nets.
Writing XDEF routing special nets.
Write XDEF Complete: Time (s): cpu = 00:00:01 ; elapsed = 00:00:00.056 . Memory (MB): peak = 1565.949 ; gain = 0.000
INFO: [Common 17-1381] The checkpoint 'C:/Users/Randall_Jack/Desktop/Lab6_ALU/Lab6_ALU.runs/impl_1/Lab6_ALU_opt.dcp' has been generated.
INFO: [runtcl-4] Executing : report_drc -file Lab6_ALU_drc_opted.rpt -pb Lab6_ALU_drc_opted.pb -rpx Lab6_ALU_drc_opted.rpx
Command: report_drc -file Lab6_ALU_drc_opted.rpt -pb Lab6_ALU_drc_opted.pb -rpx Lab6_ALU_drc_opted.rpx
INFO: [IP_Flow 19-234] Refreshing IP repositories
INFO: [IP_Flow 19-1704] No user IP repositories specified
INFO: [IP_Flow 19-2313] Loaded Vivado IP repository 'C:/Xilinx/Vivado/2019.2/data/ip'.
INFO: [DRC 23-27] Running DRC with 2 threads
INFO: [Coretcl 2-168] The results of DRC are in file C:/Users/Randall_Jack/Desktop/Lab6_ALU/Lab6_ALU.runs/impl_1/Lab6_ALU_drc_opted.rpt.
report_drc completed successfully
report_drc: Time (s): cpu = 00:00:09 ; elapsed = 00:00:07 . Memory (MB): peak = 1565.949 ; gain = 0.000
Command: place_design
Attempting to get a license for feature 'Implementation' and/or device 'xc7a35t'
INFO: [Common 17-349] Got license for feature 'Implementation' and/or device 'xc7a35t'
INFO: [DRC 23-27] Running DRC with 2 threads
INFO: [Vivado_Tcl 4-198] DRC finished with 0 Errors
INFO: [Vivado_Tcl 4-199] Please refer to the DRC report (report_drc) for more information.
Running DRC as a precondition to command place_design
INFO: [DRC 23-27] Running DRC with 2 threads
INFO: [Vivado_Tcl 4-198] DRC finished with 0 Errors
INFO: [Vivado_Tcl 4-199] Please refer to the DRC report (report_drc) for more information.

Starting Placer Task
INFO: [Place 30-611] Multithreading enabled for place_design using a maximum of 2 CPUs

Phase 1 Placer Initialization

Phase 1.1 Placer Initialization Netlist Sorting
Netlist sorting complete. Time (s): cpu = 00:00:00 ; elapsed = 00:00:00 . Memory (MB): peak = 1565.949 ; gain = 0.000
Phase 1.1 Placer Initialization Netlist Sorting | Checksum: 178a821fc

Time (s): cpu = 00:00:00 ; elapsed = 00:00:00.044 . Memory (MB): peak = 1565.949 ; gain = 0.000
Netlist sorting complete. Time (s): cpu = 00:00:00 ; elapsed = 00:00:00 . Memory (MB): peak = 1565.949 ; gain = 0.000

Phase 1.2 IO Placement/ Clock Placement/ Build Placer Device
INFO: [Timing 38-35] Done setting XDC timing constraints.
Phase 1.2 IO Placement/ Clock Placement/ Build Placer Device | Checksum: 178a821fc

Time (s): cpu = 00:00:02 ; elapsed = 00:00:02 . Memory (MB): peak = 1565.949 ; gain = 0.000

Phase 1.3 Build Placer Netlist Model
Phase 1.3 Build Placer Netlist Model | Checksum: 2165b5323

Time (s): cpu = 00:00:02 ; elapsed = 00:00:02 . Memory (MB): peak = 1565.949 ; gain = 0.000

Phase 1.4 Constrain Clocks/Macros
Phase 1.4 Constrain Clocks/Macros | Checksum: 2165b5323

Time (s): cpu = 00:00:02 ; elapsed = 00:00:02 . Memory (MB): peak = 1565.949 ; gain = 0.000
Phase 1 Placer Initialization | Checksum: 2165b5323

Time (s): cpu = 00:00:02 ; elapsed = 00:00:02 . Memory (MB): peak = 1565.949 ; gain = 0.000

Phase 2 Global Placement

Phase 2.1 Floorplanning
Phase 2.1 Floorplanning | Checksum: 2165b5323

Time (s): cpu = 00:00:02 ; elapsed = 00:00:02 . Memory (MB): peak = 1565.949 ; gain = 0.000

Phase 2.2 Global Placement Core
WARNING: [Place 46-29] place_design is not in timing mode. Skip physical synthesis in placer
Phase 2.2 Global Placement Core | Checksum: 21b02eb0b

Time (s): cpu = 00:00:04 ; elapsed = 00:00:03 . Memory (MB): peak = 1565.949 ; gain = 0.000
Phase 2 Global Placement | Checksum: 21b02eb0b

Time (s): cpu = 00:00:05 ; elapsed = 00:00:03 . Memory (MB): peak = 1565.949 ; gain = 0.000

Phase 3 Detail Placement

Phase 3.1 Commit Multi Column Macros
Phase 3.1 Commit Multi Column Macros | Checksum: 21b02eb0b

Time (s): cpu = 00:00:05 ; elapsed = 00:00:03 . Memory (MB): peak = 1565.949 ; gain = 0.000

Phase 3.2 Commit Most Macros & LUTRAMs
Phase 3.2 Commit Most Macros & LUTRAMs | Checksum: 19a6c6dac

Time (s): cpu = 00:00:05 ; elapsed = 00:00:03 . Memory (MB): peak = 1565.949 ; gain = 0.000

Phase 3.3 Area Swap Optimization
Phase 3.3 Area Swap Optimization | Checksum: 1f1a65eb4

Time (s): cpu = 00:00:05 ; elapsed = 00:00:03 . Memory (MB): peak = 1565.949 ; gain = 0.000

Phase 3.4 Pipeline Register Optimization
Phase 3.4 Pipeline Register Optimization | Checksum: 1f1a65eb4

Time (s): cpu = 00:00:05 ; elapsed = 00:00:03 . Memory (MB): peak = 1565.949 ; gain = 0.000

Phase 3.5 Small Shape Detail Placement
Phase 3.5 Small Shape Detail Placement | Checksum: 1df145d09

Time (s): cpu = 00:00:05 ; elapsed = 00:00:04 . Memory (MB): peak = 1565.949 ; gain = 0.000

Phase 3.6 Re-assign LUT pins
Phase 3.6 Re-assign LUT pins | Checksum: 1df145d09

Time (s): cpu = 00:00:05 ; elapsed = 00:00:04 . Memory (MB): peak = 1565.949 ; gain = 0.000

Phase 3.7 Pipeline Register Optimization
Phase 3.7 Pipeline Register Optimization | Checksum: 1df145d09

Time (s): cpu = 00:00:05 ; elapsed = 00:00:04 . Memory (MB): peak = 1565.949 ; gain = 0.000
Phase 3 Detail Placement | Checksum: 1df145d09

Time (s): cpu = 00:00:05 ; elapsed = 00:00:04 . Memory (MB): peak = 1565.949 ; gain = 0.000

Phase 4 Post Placement Optimization and Clean-Up

Phase 4.1 Post Commit Optimization
Phase 4.1 Post Commit Optimization | Checksum: 1df145d09

Time (s): cpu = 00:00:05 ; elapsed = 00:00:04 . Memory (MB): peak = 1565.949 ; gain = 0.000

Phase 4.2 Post Placement Cleanup
Phase 4.2 Post Placement Cleanup | Checksum: 1df145d09

Time (s): cpu = 00:00:05 ; elapsed = 00:00:04 . Memory (MB): peak = 1565.949 ; gain = 0.000

Phase 4.3 Placer Reporting
Phase 4.3 Placer Reporting | Checksum: 1df145d09

Time (s): cpu = 00:00:05 ; elapsed = 00:00:04 . Memory (MB): peak = 1565.949 ; gain = 0.000

Phase 4.4 Final Placement Cleanup
Netlist sorting complete. Time (s): cpu = 00:00:00 ; elapsed = 00:00:00 . Memory (MB): peak = 1565.949 ; gain = 0.000
Phase 4.4 Final Placement Cleanup | Checksum: 1df145d09

Time (s): cpu = 00:00:05 ; elapsed = 00:00:04 . Memory (MB): peak = 1565.949 ; gain = 0.000
Phase 4 Post Placement Optimization and Clean-Up | Checksum: 1df145d09

Time (s): cpu = 00:00:05 ; elapsed = 00:00:04 . Memory (MB): peak = 1565.949 ; gain = 0.000
Ending Placer Task | Checksum: 12571bb0b

Time (s): cpu = 00:00:05 ; elapsed = 00:00:04 . Memory (MB): peak = 1565.949 ; gain = 0.000
INFO: [Common 17-83] Releasing license: Implementation
43 Infos, 1 Warnings, 0 Critical Warnings and 0 Errors encountered.
place_design completed successfully
place_design: Time (s): cpu = 00:00:10 ; elapsed = 00:00:07 . Memory (MB): peak = 1565.949 ; gain = 0.000
Netlist sorting complete. Time (s): cpu = 00:00:00 ; elapsed = 00:00:00 . Memory (MB): peak = 1565.949 ; gain = 0.000
INFO: [Timing 38-480] Writing timing data to binary archive.
Writing placer database...
Writing XDEF routing.
Writing XDEF routing logical nets.
Writing XDEF routing special nets.
Write XDEF Complete: Time (s): cpu = 00:00:01 ; elapsed = 00:00:00.184 . Memory (MB): peak = 1573.875 ; gain = 7.926
INFO: [Common 17-1381] The checkpoint 'C:/Users/Randall_Jack/Desktop/Lab6_ALU/Lab6_ALU.runs/impl_1/Lab6_ALU_placed.dcp' has been generated.
INFO: [runtcl-4] Executing : report_io -file Lab6_ALU_io_placed.rpt
report_io: Time (s): cpu = 00:00:00 ; elapsed = 00:00:00.177 . Memory (MB): peak = 1573.875 ; gain = 0.000
INFO: [runtcl-4] Executing : report_utilization -file Lab6_ALU_utilization_placed.rpt -pb Lab6_ALU_utilization_placed.pb
INFO: [runtcl-4] Executing : report_control_sets -verbose -file Lab6_ALU_control_sets_placed.rpt
report_control_sets: Time (s): cpu = 00:00:00 ; elapsed = 00:00:00.021 . Memory (MB): peak = 1573.875 ; gain = 0.000
Command: phys_opt_design
Attempting to get a license for feature 'Implementation' and/or device 'xc7a35t'
INFO: [Common 17-349] Got license for feature 'Implementation' and/or device 'xc7a35t'
INFO: [Vivado_Tcl 4-235] No timing constraint found. The netlist was not modified.
INFO: [Common 17-83] Releasing license: Implementation
51 Infos, 1 Warnings, 0 Critical Warnings and 0 Errors encountered.
phys_opt_design completed successfully
Netlist sorting complete. Time (s): cpu = 00:00:00 ; elapsed = 00:00:00 . Memory (MB): peak = 1578.754 ; gain = 0.000
INFO: [Timing 38-480] Writing timing data to binary archive.
Writing placer database...
Writing XDEF routing.
Writing XDEF routing logical nets.
Writing XDEF routing special nets.
Write XDEF Complete: Time (s): cpu = 00:00:00 ; elapsed = 00:00:00.196 . Memory (MB): peak = 1596.633 ; gain = 17.879
INFO: [Common 17-1381] The checkpoint 'C:/Users/Randall_Jack/Desktop/Lab6_ALU/Lab6_ALU.runs/impl_1/Lab6_ALU_physopt.dcp' has been generated.
Command: route_design
Attempting to get a license for feature 'Implementation' and/or device 'xc7a35t'
INFO: [Common 17-349] Got license for feature 'Implementation' and/or device 'xc7a35t'
Running DRC as a precondition to command route_design
INFO: [DRC 23-27] Running DRC with 2 threads
INFO: [Vivado_Tcl 4-198] DRC finished with 0 Errors
INFO: [Vivado_Tcl 4-199] Please refer to the DRC report (report_drc) for more information.


Starting Routing Task
INFO: [Route 35-254] Multithreading enabled for route_design using a maximum of 2 CPUs
Checksum: PlaceDB: 2df8f6c8 ConstDB: 0 ShapeSum: f778c443 RouteDB: 0

Phase 1 Build RT Design
Phase 1 Build RT Design | Checksum: 1d3c8e17f

Time (s): cpu = 00:01:06 ; elapsed = 00:00:59 . Memory (MB): peak = 1682.293 ; gain = 74.590
Post Restoration Checksum: NetGraph: f46d431d NumContArr: df5b9e62 Constraints: 0 Timing: 0

Phase 2 Router Initialization
INFO: [Route 35-64] No timing constraints were detected. The router will operate in resource-optimization mode.

Phase 2.1 Fix Topology Constraints
Phase 2.1 Fix Topology Constraints | Checksum: 1d3c8e17f

Time (s): cpu = 00:01:06 ; elapsed = 00:00:59 . Memory (MB): peak = 1688.301 ; gain = 80.598

Phase 2.2 Pre Route Cleanup
Phase 2.2 Pre Route Cleanup | Checksum: 1d3c8e17f

Time (s): cpu = 00:01:06 ; elapsed = 00:00:59 . Memory (MB): peak = 1688.301 ; gain = 80.598
Phase 2 Router Initialization | Checksum: 1d3c8e17f

Time (s): cpu = 00:01:06 ; elapsed = 00:00:59 . Memory (MB): peak = 1689.605 ; gain = 81.902

Router Utilization Summary
  Global Vertical Routing Utilization    = 0 %
  Global Horizontal Routing Utilization  = 0 %
  Routable Net Status*
  *Does not include unroutable nets such as driverless and loadless.
  Run report_route_status for detailed report.
  Number of Failed Nets               = 16
    (Failed Nets is the sum of unrouted and partially routed nets)
  Number of Unrouted Nets             = 16
  Number of Partially Routed Nets     = 0
  Number of Node Overlaps             = 0


Phase 3 Initial Routing
Phase 3 Initial Routing | Checksum: 10335b5ff

Time (s): cpu = 00:01:06 ; elapsed = 00:01:00 . Memory (MB): peak = 1691.730 ; gain = 84.027

Phase 4 Rip-up And Reroute

Phase 4.1 Global Iteration 0
 Number of Nodes with overlaps = 1
 Number of Nodes with overlaps = 0
Phase 4.1 Global Iteration 0 | Checksum: 17e3c99d7

Time (s): cpu = 00:01:06 ; elapsed = 00:01:00 . Memory (MB): peak = 1691.730 ; gain = 84.027
Phase 4 Rip-up And Reroute | Checksum: 17e3c99d7

Time (s): cpu = 00:01:06 ; elapsed = 00:01:00 . Memory (MB): peak = 1691.730 ; gain = 84.027

Phase 5 Delay and Skew Optimization
Phase 5 Delay and Skew Optimization | Checksum: 17e3c99d7

Time (s): cpu = 00:01:06 ; elapsed = 00:01:00 . Memory (MB): peak = 1691.730 ; gain = 84.027

Phase 6 Post Hold Fix

Phase 6.1 Hold Fix Iter
Phase 6.1 Hold Fix Iter | Checksum: 17e3c99d7

Time (s): cpu = 00:01:06 ; elapsed = 00:01:00 . Memory (MB): peak = 1691.730 ; gain = 84.027
Phase 6 Post Hold Fix | Checksum: 17e3c99d7

Time (s): cpu = 00:01:06 ; elapsed = 00:01:00 . Memory (MB): peak = 1691.730 ; gain = 84.027

Phase 7 Route finalize

Router Utilization Summary
  Global Vertical Routing Utilization    = 0.0163438 %
  Global Horizontal Routing Utilization  = 0.0257678 %
  Routable Net Status*
  *Does not include unroutable nets such as driverless and loadless.
  Run report_route_status for detailed report.
  Number of Failed Nets               = 0
    (Failed Nets is the sum of unrouted and partially routed nets)
  Number of Unrouted Nets             = 0
  Number of Partially Routed Nets     = 0
  Number of Node Overlaps             = 0

Congestion Report
North Dir 1x1 Area, Max Cong = 16.2162%, No Congested Regions.
South Dir 1x1 Area, Max Cong = 5.40541%, No Congested Regions.
East Dir 1x1 Area, Max Cong = 5.88235%, No Congested Regions.
West Dir 1x1 Area, Max Cong = 5.88235%, No Congested Regions.

------------------------------
Reporting congestion hotspots
------------------------------
Direction: North
----------------
Congested clusters found at Level 0
Effective congestion level: 0 Aspect Ratio: 1 Sparse Ratio: 0
Direction: South
----------------
Congested clusters found at Level 0
Effective congestion level: 0 Aspect Ratio: 1 Sparse Ratio: 0
Direction: East
----------------
Congested clusters found at Level 0
Effective congestion level: 0 Aspect Ratio: 1 Sparse Ratio: 0
Direction: West
----------------
Congested clusters found at Level 0
Effective congestion level: 0 Aspect Ratio: 1 Sparse Ratio: 0

Phase 7 Route finalize | Checksum: 17e3c99d7

Time (s): cpu = 00:01:07 ; elapsed = 00:01:00 . Memory (MB): peak = 1691.730 ; gain = 84.027

Phase 8 Verifying routed nets

 Verification completed successfully
Phase 8 Verifying routed nets | Checksum: 17e3c99d7

Time (s): cpu = 00:01:07 ; elapsed = 00:01:00 . Memory (MB): peak = 1693.762 ; gain = 86.059

Phase 9 Depositing Routes
Phase 9 Depositing Routes | Checksum: e629e86a

Time (s): cpu = 00:01:07 ; elapsed = 00:01:00 . Memory (MB): peak = 1693.762 ; gain = 86.059
INFO: [Route 35-16] Router Completed Successfully

Time (s): cpu = 00:01:07 ; elapsed = 00:01:00 . Memory (MB): peak = 1693.762 ; gain = 86.059

Routing Is Done.
INFO: [Common 17-83] Releasing license: Implementation
61 Infos, 1 Warnings, 0 Critical Warnings and 0 Errors encountered.
route_design completed successfully
route_design: Time (s): cpu = 00:01:13 ; elapsed = 00:01:03 . Memory (MB): peak = 1693.762 ; gain = 97.129
Netlist sorting complete. Time (s): cpu = 00:00:00 ; elapsed = 00:00:00 . Memory (MB): peak = 1693.762 ; gain = 0.000
INFO: [Timing 38-480] Writing timing data to binary archive.
Writing placer database...
Writing XDEF routing.
Writing XDEF routing logical nets.
Writing XDEF routing special nets.
Write XDEF Complete: Time (s): cpu = 00:00:00 ; elapsed = 00:00:00.179 . Memory (MB): peak = 1703.648 ; gain = 9.887
INFO: [Common 17-1381] The checkpoint 'C:/Users/Randall_Jack/Desktop/Lab6_ALU/Lab6_ALU.runs/impl_1/Lab6_ALU_routed.dcp' has been generated.
INFO: [runtcl-4] Executing : report_drc -file Lab6_ALU_drc_routed.rpt -pb Lab6_ALU_drc_routed.pb -rpx Lab6_ALU_drc_routed.rpx
Command: report_drc -file Lab6_ALU_drc_routed.rpt -pb Lab6_ALU_drc_routed.pb -rpx Lab6_ALU_drc_routed.rpx
INFO: [IP_Flow 19-1839] IP Catalog is up to date.
INFO: [DRC 23-27] Running DRC with 2 threads
INFO: [Coretcl 2-168] The results of DRC are in file C:/Users/Randall_Jack/Desktop/Lab6_ALU/Lab6_ALU.runs/impl_1/Lab6_ALU_drc_routed.rpt.
report_drc completed successfully
INFO: [runtcl-4] Executing : report_methodology -file Lab6_ALU_methodology_drc_routed.rpt -pb Lab6_ALU_methodology_drc_routed.pb -rpx Lab6_ALU_methodology_drc_routed.rpx
Command: report_methodology -file Lab6_ALU_methodology_drc_routed.rpt -pb Lab6_ALU_methodology_drc_routed.pb -rpx Lab6_ALU_methodology_drc_routed.rpx
INFO: [Timing 38-35] Done setting XDC timing constraints.
INFO: [DRC 23-133] Running Methodology with 2 threads
INFO: [Coretcl 2-1520] The results of Report Methodology are in file C:/Users/Randall_Jack/Desktop/Lab6_ALU/Lab6_ALU.runs/impl_1/Lab6_ALU_methodology_drc_routed.rpt.
report_methodology completed successfully
INFO: [runtcl-4] Executing : report_power -file Lab6_ALU_power_routed.rpt -pb Lab6_ALU_power_summary_routed.pb -rpx Lab6_ALU_power_routed.rpx
Command: report_power -file Lab6_ALU_power_routed.rpt -pb Lab6_ALU_power_summary_routed.pb -rpx Lab6_ALU_power_routed.rpx
INFO: [Timing 38-35] Done setting XDC timing constraints.
WARNING: [Power 33-232] No user defined clocks were found in the design! Power estimation will be inaccurate until this is corrected.
Resolution: Please specify clocks using create_clock/create_generated_clock for sequential elements. For pure combinatorial circuits, please specify a virtual clock, otherwise the vectorless estimation might be inaccurate
Running Vector-less Activity Propagation...

Finished Running Vector-less Activity Propagation
73 Infos, 2 Warnings, 0 Critical Warnings and 0 Errors encountered.
report_power completed successfully
INFO: [runtcl-4] Executing : report_route_status -file Lab6_ALU_route_status.rpt -pb Lab6_ALU_route_status.pb
INFO: [runtcl-4] Executing : report_timing_summary -max_paths 10 -file Lab6_ALU_timing_summary_routed.rpt -pb Lab6_ALU_timing_summary_routed.pb -rpx Lab6_ALU_timing_summary_routed.rpx -warn_on_violation 
INFO: [Timing 38-91] UpdateTimingParams: Speed grade: -1, Delay Type: min_max.
INFO: [Timing 38-191] Multithreading enabled for timing update using a maximum of 2 CPUs
WARNING: [Timing 38-313] There are no user specified timing constraints. Timing constraints are needed for proper timing analysis.
INFO: [runtcl-4] Executing : report_incremental_reuse -file Lab6_ALU_incremental_reuse_routed.rpt
INFO: [Vivado_Tcl 4-1062] Incremental flow is disabled. No incremental reuse Info to report.
INFO: [runtcl-4] Executing : report_clock_utilization -file Lab6_ALU_clock_utilization_routed.rpt
INFO: [runtcl-4] Executing : report_bus_skew -warn_on_violation -file Lab6_ALU_bus_skew_routed.rpt -pb Lab6_ALU_bus_skew_routed.pb -rpx Lab6_ALU_bus_skew_routed.rpx
INFO: [Timing 38-91] UpdateTimingParams: Speed grade: -1, Delay Type: min_max.
INFO: [Timing 38-191] Multithreading enabled for timing update using a maximum of 2 CPUs
INFO: [Common 17-206] Exiting Vivado at Fri Feb 26 07:10:16 2021...
